<?xml version="1.0" encoding="UTF-8"?>
<!-- Generated by org.testng.reporters.JUnitXMLReporter -->
<testsuite hostname="Ajitas-MBP.attlocal.net" ignored="0" name="Default test" tests="3" failures="0" timestamp="2020-10-01T11:49:21 CDT" time="46.929" errors="0">
  <testcase name="LoginPageTitleTest" time="5.012" classname="com.crm.qa.testcases.LoginPageTest"/>
  <testcase name="crmLogoImageTest" time="5.046" classname="com.crm.qa.testcases.LoginPageTest"/>
  <testcase name="clicklogInbtn" time="6.719" classname="com.crm.qa.testcases.LoginPageTest"/>
</testsuite> <!-- Default test -->
