<?xml version="1.0" encoding="UTF-8"?>
<!-- Generated by org.testng.reporters.JUnitXMLReporter -->
<testsuite hostname="Ajitas-MBP.attlocal.net" ignored="0" name="Test" tests="9" failures="1" timestamp="30 Sep 2020 19:49:35 GMT" time="168.774" errors="0">
  <testcase name="EmailTest" time="5.358" classname="com.crm.qa.testcases.EmailPageTest"/>
  <testcase name="verifyContactsTest" time="5.066" classname="com.crm.qa.testcases.ContactsPageTest"/>
  <testcase name="verfityHomePageTitleTest" time="0.015" classname="com.crm.qa.testcases.HomePageTest">
    <failure type="java.lang.AssertionError" message="Cogmento CRM expected:&amp;lt;Cogmento CRM&amp;gt; but was:&amp;lt;homepage title did not match&amp;gt;">
      <![CDATA[java.lang.AssertionError: Cogmento CRM expected:<Cogmento CRM> but was:<homepage title did not match>
	at com.crm.qa.testcases.HomePageTest.verfityHomePageTitleTest(HomePageTest.java:53)
... Removed 26 stack frames]]>
    </failure>
  </testcase> <!-- verfityHomePageTitleTest -->
  <testcase name="LoginPageTitleTest" time="5.014" classname="com.crm.qa.testcases.LoginPageTest"/>
  <testcase name="verifyNewContact" time="0.221" classname="com.crm.qa.testcases.ContactsPageTest"/>
  <testcase name="verifyusernameTest" time="0.044" classname="com.crm.qa.testcases.HomePageTest"/>
  <testcase name="crmLogoImageTest" time="5.043" classname="com.crm.qa.testcases.LoginPageTest"/>
  <testcase name="verifycontactsLink" time="5.116" classname="com.crm.qa.testcases.HomePageTest"/>
  <testcase name="clicklogInbtn" time="6.555" classname="com.crm.qa.testcases.LoginPageTest"/>
</testsuite> <!-- Test -->
