<?xml version="1.0" encoding="UTF-8" ?>
<testsuite tests="10" failures="1" name="TestSuite" time="38.731" errors="0" skipped="1">
  <properties>
[...]
</properties>
  <testcase classname="com.crm.qa.testcases.EmailPageTest" name="EmailTest" time="5.343"/>
  <testcase classname="com.crm.qa.testcases.NewContactsPageTest" name="validatenewcontactpage" time="6.019">
    <skipped/>
    <system-err>Oct 01, 2020 12:09:33 PM org.openqa.selenium.remote.http.WebSocket$Listener onError
WARNING: Connection reset
java.net.SocketException: Connection reset
	at java.base/sun.nio.ch.SocketChannelImpl.throwConnectionReset(SocketChannelImpl.java:345)
	at java.base/sun.nio.ch.SocketChannelImpl.read(SocketChannelImpl.java:376)
	at io.netty.buffer.PooledByteBuf.setBytes(PooledByteBuf.java:253)
	at io.netty.buffer.AbstractByteBuf.writeBytes(AbstractByteBuf.java:1133)
	at io.netty.channel.socket.nio.NioSocketChannel.doReadBytes(NioSocketChannel.java:350)
	at io.netty.channel.nio.AbstractNioByteChannel$NioByteUnsafe.read(AbstractNioByteChannel.java:148)
	at io.netty.channel.nio.NioEventLoop.processSelectedKey(NioEventLoop.java:714)
	at io.netty.channel.nio.NioEventLoop.processSelectedKeysOptimized(NioEventLoop.java:650)
	at io.netty.channel.nio.NioEventLoop.processSelectedKeys(NioEventLoop.java:576)
	at io.netty.channel.nio.NioEventLoop.run(NioEventLoop.java:493)
	at io.netty.util.concurrent.SingleThreadEventExecutor$4.run(SingleThreadEventExecutor.java:989)
	at io.netty.util.internal.ThreadExecutorMap$2.run(ThreadExecutorMap.java:74)
	at io.netty.util.concurrent.FastThreadLocalRunnable.run(FastThreadLocalRunnable.java:30)
	at java.base/java.lang.Thread.run(Thread.java:832)

[Utils] [ERROR] [Error] java.lang.NullPointerException
	at com.crm.qa.util.TestUtil.getTestData(TestUtil.java:49)
	at com.crm.qa.testcases.NewContactsPageTest.getCRMTestData(NewContactsPageTest.java:58)
	at java.base/jdk.internal.reflect.NativeMethodAccessorImpl.invoke0(Native Method)
	at java.base/jdk.internal.reflect.NativeMethodAccessorImpl.invoke(NativeMethodAccessorImpl.java:62)
	at java.base/jdk.internal.reflect.DelegatingMethodAccessorImpl.invoke(DelegatingMethodAccessorImpl.java:43)
	at java.base/java.lang.reflect.Method.invoke(Method.java:564)
	at org.testng.internal.MethodInvocationHelper.invokeMethod(MethodInvocationHelper.java:132)
	at org.testng.internal.MethodInvocationHelper.invokeMethod(MethodInvocationHelper.java:76)
	at org.testng.internal.MethodInvocationHelper.invokeMethodNoCheckedException(MethodInvocationHelper.java:45)
	at org.testng.internal.MethodInvocationHelper.invokeDataProvider(MethodInvocationHelper.java:145)
	at org.testng.internal.Parameters.handleParameters(Parameters.java:797)
	at org.testng.internal.Parameters.handleParameters(Parameters.java:740)
	at org.testng.internal.ParameterHandler.handleParameters(ParameterHandler.java:59)
	at org.testng.internal.ParameterHandler.createParameters(ParameterHandler.java:38)
	at org.testng.internal.TestInvoker$MethodInvocationAgent.invoke(TestInvoker.java:789)
	at org.testng.internal.TestInvoker.invokeTestMethods(TestInvoker.java:147)
	at org.testng.internal.TestMethodWorker.invokeTestMethods(TestMethodWorker.java:146)
	at org.testng.internal.TestMethodWorker.run(TestMethodWorker.java:128)
	at java.base/java.util.ArrayList.forEach(ArrayList.java:1510)
	at org.testng.TestRunner.privateRun(TestRunner.java:764)
	at org.testng.TestRunner.run(TestRunner.java:585)
	at org.testng.SuiteRunner.runTest(SuiteRunner.java:384)
	at org.testng.SuiteRunner.runSequentially(SuiteRunner.java:378)
	at org.testng.SuiteRunner.privateRun(SuiteRunner.java:337)
	at org.testng.SuiteRunner.run(SuiteRunner.java:286)
	at org.testng.SuiteRunnerWorker.runSuite(SuiteRunnerWorker.java:53)
	at org.testng.SuiteRunnerWorker.run(SuiteRunnerWorker.java:96)
	at org.testng.TestNG.runSuitesSequentially(TestNG.java:1218)
	at org.testng.TestNG.runSuitesLocally(TestNG.java:1140)
	at org.testng.TestNG.runSuites(TestNG.java:1069)
	at org.testng.TestNG.run(TestNG.java:1037)
	at org.apache.maven.surefire.testng.TestNGExecutor.run(TestNGExecutor.java:77)
	at org.apache.maven.surefire.testng.TestNGDirectoryTestSuite.executeMulti(TestNGDirectoryTestSuite.java:159)
	at org.apache.maven.surefire.testng.TestNGDirectoryTestSuite.execute(TestNGDirectoryTestSuite.java:99)
	at org.apache.maven.surefire.testng.TestNGProvider.invoke(TestNGProvider.java:106)
	at java.base/jdk.internal.reflect.NativeMethodAccessorImpl.invoke0(Native Method)
	at java.base/jdk.internal.reflect.NativeMethodAccessorImpl.invoke(NativeMethodAccessorImpl.java:62)
	at java.base/jdk.internal.reflect.DelegatingMethodAccessorImpl.invoke(DelegatingMethodAccessorImpl.java:43)
	at java.base/java.lang.reflect.Method.invoke(Method.java:564)
	at org.apache.maven.surefire.util.ReflectionUtils.invokeMethodWithArray(ReflectionUtils.java:189)
	at org.apache.maven.surefire.booter.ProviderFactory$ProviderProxy.invoke(ProviderFactory.java:165)
	at org.apache.maven.surefire.booter.ProviderFactory.invokeProvider(ProviderFactory.java:85)
	at org.apache.maven.surefire.booter.ForkedBooter.runSuitesInProcess(ForkedBooter.java:115)
	at org.apache.maven.surefire.booter.ForkedBooter.main(ForkedBooter.java:75)

</system-err>
  </testcase>
  <testcase classname="com.crm.qa.testcases.ContactsPageTest" name="verifyContactsTest" time="5.14"/>
  <testcase classname="com.crm.qa.testcases.ContactsPageTest" name="verifyNewContact" time="0.249"/>
  <testcase classname="com.crm.qa.testcases.HomePageTest" name="verfityHomePageTitleTest" time="0.009">
    <failure message="Cogmento CRM expected:&lt;Cogmento CRM&gt; but was:&lt;homepage title did not match&gt;" type="java.lang.AssertionError">java.lang.AssertionError: Cogmento CRM expected:&lt;Cogmento CRM&gt; but was:&lt;homepage title did not match&gt;
	at org.testng.AssertJUnit.assertEquals(AssertJUnit.java:115)
	at com.crm.qa.testcases.HomePageTest.verfityHomePageTitleTest(HomePageTest.java:53)
</failure>
    <system-out>Before navigating to: &apos;https://freecrm.com&apos;
Navigated to:&apos;https://freecrm.com&apos;
Trying to find Element By : By.xpath: /html/body/div[1]/header/div/nav/div[2]/div/div[2]/ul/a/span[2]
Found Element By : By.xpath: /html/body/div[1]/header/div/nav/div[2]/div/div[2]/ul/a/span[2]
Trying to click on: [[ChromeDriver: chrome on MAC (f9468b157dbd4022257063b6626061e2)] -&gt; xpath: /html/body/div[1]/header/div/nav/div[2]/div/div[2]/ul/a/span[2]]
Clicked on: [[ChromeDriver: chrome on MAC (f9468b157dbd4022257063b6626061e2)] -&gt; xpath: /html/body/div[1]/header/div/nav/div[2]/div/div[2]/ul/a/span[2]]
Trying to find Element By : By.xpath: //*[@id=&quot;ui&quot;]/div/div/form/div/div[1]/div/input
Found Element By : By.xpath: //*[@id=&quot;ui&quot;]/div/div/form/div/div[1]/div/input
Trying to find Element By : By.xpath: //*[@id=&quot;ui&quot;]/div/div/form/div/div[2]/div/input
Found Element By : By.xpath: //*[@id=&quot;ui&quot;]/div/div/form/div/div[2]/div/input
Trying to find Element By : By.xpath: //*[@id=&quot;ui&quot;]/div/div/form/div/div[3]
Found Element By : By.xpath: //*[@id=&quot;ui&quot;]/div/div/form/div/div[3]
Trying to click on: [[ChromeDriver: chrome on MAC (f9468b157dbd4022257063b6626061e2)] -&gt; xpath: //*[@id=&quot;ui&quot;]/div/div/form/div/div[3]]
Clicked on: [[ChromeDriver: chrome on MAC (f9468b157dbd4022257063b6626061e2)] -&gt; xpath: //*[@id=&quot;ui&quot;]/div/div/form/div/div[3]]
Cogmento CRM
</system-out>
    <system-err>Starting ChromeDriver 84.0.4147.30 (48b3e868b4cc0aa7e8149519690b6f6949e110a8-refs/branch-heads/4147@{#310}) on port 38052
Only local connections are allowed.
Please see https://chromedriver.chromium.org/security-considerations for suggestions on keeping ChromeDriver safe.
ChromeDriver was started successfully.
[1601572229.834][WARNING]: This version of ChromeDriver has not been tested with Chrome version 85.
Oct 01, 2020 12:10:29 PM org.openqa.selenium.remote.ProtocolHandshake createSession
INFO: Detected dialect: W3C
</system-err>
  </testcase>
  <testcase classname="com.crm.qa.testcases.HomePageTest" name="verifyusernameTest" time="0.044"/>
  <testcase classname="com.crm.qa.testcases.HomePageTest" name="verifycontactsLink" time="5.17"/>
  <testcase classname="com.crm.qa.testcases.LoginPageTest" name="LoginPageTitleTest" time="5.087"/>
  <testcase classname="com.crm.qa.testcases.LoginPageTest" name="crmLogoImageTest" time="5.045"/>
  <testcase classname="com.crm.qa.testcases.LoginPageTest" name="clicklogInbtn" time="6.625"/>
</testsuite>